<?xml version="1.0" encoding="UTF-8"?>
<testsuite xmlns:xsi="http://www.w3.org/2001/XMLSchema-instance" xsi:schemaLocation="https://maven.apache.org/surefire/maven-surefire-plugin/xsd/surefire-test-report.xsd" name="TestSuite" time="18.098" tests="6" errors="0" skipped="0" failures="1">
  <properties>
[...]
</properties>
  <testcase name="CanGoToCSPPage" classname="com.packt.testproject.tests.HomePageTests" time="0.177"/>
  <testcase name="CanGoToContactPage" classname="com.packt.testproject.tests.HomePageTests" time="2.196">
    <failure message="expected [true] but found [false]" type="java.lang.AssertionError">java.lang.AssertionError: expected [true] but found [false]
	at com.packt.testproject.tests.HomePageTests.CanGoToContactPage(HomePageTests.java:52)
</failure>
  </testcase>
  <testcase name="CanGoToHomePage" classname="com.packt.testproject.tests.HomePageTests" time="0.028"/>
  <testcase name="CanGoToISVPage" classname="com.packt.testproject.tests.HomePageTests" time="2.852"/>
  <testcase name="CanGoToMSPPage" classname="com.packt.testproject.tests.HomePageTests" time="0.003"/>
  <testcase name="CanGoToNewsPage" classname="com.packt.testproject.tests.HomePageTests" time="1.651"/>
</testsuite>