-------------------------------------------------------------------------------
Test set: TestSuite
-------------------------------------------------------------------------------
Tests run: 6, Failures: 1, Errors: 0, Skipped: 0, Time elapsed: 18.098 sec <<< FAILURE! - in TestSuite
CanGoToContactPage(com.packt.testproject.tests.HomePageTests)  Time elapsed: 2.196 sec  <<< FAILURE!
java.lang.AssertionError: expected [true] but found [false]
	at com.packt.testproject.tests.HomePageTests.CanGoToContactPage(HomePageTests.java:52)

